2019-03-03 11:55:45,802 burr quarked-0.0.1-runner[78832] INFO  [io.quarkus] (main) Quarkus 1.0.0.Alpha1-SNAPSHOT started in 0.008s. Listening on: http://localhost:8080
2019-03-03 11:55:45,804 burr quarked-0.0.1-runner[78832] INFO  [io.quarkus] (main) Installed features: [cdi, resteasy]
2019-03-03 11:55:54,755 burr quarked-0.0.1-runner[78832] INFO  [io.quarkus] (main) Quarkus stopped in 0.000s
2019-03-03 11:56:03,885 burr quarked-0.0.1-runner[78872] INFO  [io.quarkus] (main) Quarkus 1.0.0.Alpha1-SNAPSHOT started in 0.010s. Listening on: http://localhost:8080
2019-03-03 11:56:03,886 burr quarked-0.0.1-runner[78872] INFO  [io.quarkus] (main) Installed features: [cdi, resteasy]
2019-03-03 11:56:51,692 burr quarked-0.0.1-runner[78872] INFO  [io.quarkus] (main) Quarkus stopped in 0.011s
2019-03-03 11:56:55,493 burr quarked-0.0.1-runner[78982] INFO  [io.quarkus] (main) Quarkus 1.0.0.Alpha1-SNAPSHOT started in 0.008s. Listening on: http://localhost:8080
2019-03-03 11:56:55,494 burr quarked-0.0.1-runner[78982] INFO  [io.quarkus] (main) Installed features: [cdi, resteasy]
2019-03-03 11:58:28,082 burr quarked-0.0.1-runner[78982] INFO  [io.quarkus] (main) Quarkus stopped in 0.000s
2019-03-09 13:00:26,616 burr quarked-0.0.1-runner.jar[96562] DEBUG [org.xnio] (main) XNIO version 3.6.5.Final
2019-03-09 13:00:26,666 burr quarked-0.0.1-runner.jar[96562] DEBUG [org.xni.nio] (main) XNIO NIO Implementation Version 3.6.5.Final
2019-03-09 13:00:26,786 burr quarked-0.0.1-runner.jar[96562] DEBUG [org.jbo.threads] (main) JBoss Threads version 3.0.0.Alpha4
2019-03-09 13:05:18,555 burr quarked-0.0.1-runner.jar[96818] DEBUG [org.xnio] (main) XNIO version 3.6.5.Final
2019-03-09 13:05:18,606 burr quarked-0.0.1-runner.jar[96818] DEBUG [org.xni.nio] (main) XNIO NIO Implementation Version 3.6.5.Final
2019-03-09 13:05:18,725 burr quarked-0.0.1-runner.jar[96818] DEBUG [org.jbo.threads] (main) JBoss Threads version 3.0.0.Alpha4
2019-03-09 13:05:18,792 burr quarked-0.0.1-runner.jar[96818] INFO  [io.quarkus] (main) Quarkus 1.0.0.Alpha1-SNAPSHOT started in 0.846s. Listening on: http://127.0.0.1:8080
2019-03-09 13:05:18,795 burr quarked-0.0.1-runner.jar[96818] INFO  [io.quarkus] (main) Installed features: [cdi, resteasy]
2019-03-09 13:05:28,004 burr quarked-0.0.1-runner.jar[96818] INFO  [io.quarkus] (main) Quarkus stopped in 0.008s
2019-03-12 11:36:22,841 burr quarked-0.0.1-runner.jar[19144] DEBUG [org.xnio] (main) XNIO version 3.6.5.Final
2019-03-12 11:36:22,892 burr quarked-0.0.1-runner.jar[19144] DEBUG [org.xni.nio] (main) XNIO NIO Implementation Version 3.6.5.Final
2019-03-12 11:36:23,011 burr quarked-0.0.1-runner.jar[19144] DEBUG [org.jbo.threads] (main) JBoss Threads version 3.0.0.Alpha4
2019-03-12 11:36:23,087 burr quarked-0.0.1-runner.jar[19144] INFO  [io.quarkus] (main) Quarkus 0.11.0 started in 0.653s. Listening on: http://127.0.0.1:8080
2019-03-12 11:36:23,089 burr quarked-0.0.1-runner.jar[19144] INFO  [io.quarkus] (main) Installed features: [cdi, resteasy]
2019-03-12 11:36:31,212 burr quarked-0.0.1-runner.jar[19144] INFO  [io.quarkus] (main) Quarkus stopped in 0.007s
2019-03-12 11:46:27,414 burr quarked-0.0.1-runner[19954] INFO  [io.quarkus] (main) Quarkus 0.11.0 started in 0.011s. Listening on: http://127.0.0.1:8080
2019-03-12 11:46:27,417 burr quarked-0.0.1-runner[19954] INFO  [io.quarkus] (main) Installed features: [cdi, resteasy]
2019-03-12 11:46:34,621 burr quarked-0.0.1-runner[19954] INFO  [io.quarkus] (main) Quarkus stopped in 0.000s
